<?xml version="1.0" encoding="UTF-8"?>
<testsuite name="data.structures.and.algorithms.ArrayShiftTest" tests="1" skipped="0" failures="0" errors="0" timestamp="2020-01-09T18:20:52" hostname="38f9d36551ae.ant.amazon.com" time="0.004">
  <properties/>
  <testcase name="testArrayShiftCorrectInsertion" classname="data.structures.and.algorithms.ArrayShiftTest" time="0.004"/>
  <system-out><![CDATA[1
2
3
4
5
5
6
7
]]></system-out>
  <system-err><![CDATA[]]></system-err>
</testsuite>
