<?xml version="1.0" encoding="UTF-8"?>
<testsuite name="data.structures.and.algorithms.LibraryTest" tests="1" skipped="0" failures="0" errors="0" timestamp="2020-01-09T18:20:52" hostname="38f9d36551ae.ant.amazon.com" time="0.001">
  <properties/>
  <testcase name="testSomeLibraryMethod" classname="data.structures.and.algorithms.LibraryTest" time="0.001"/>
  <system-out><![CDATA[]]></system-out>
  <system-err><![CDATA[]]></system-err>
</testsuite>
