<?xml version="1.0" encoding="UTF-8"?>
<testsuite name="data.structures.and.algorithms.BinarySearchTest" tests="3" skipped="0" failures="0" errors="0" timestamp="2020-01-09T18:20:52" hostname="38f9d36551ae.ant.amazon.com" time="0.012">
  <properties/>
  <testcase name="testBinarySearch" classname="data.structures.and.algorithms.BinarySearchTest" time="0.011"/>
  <testcase name="testBinarySearch2" classname="data.structures.and.algorithms.BinarySearchTest" time="0.001"/>
  <testcase name="testBinarySearch3" classname="data.structures.and.algorithms.BinarySearchTest" time="0.0"/>
  <system-out><![CDATA[3
Monsieur, voici votre 5 !!!!
3
0
]]></system-out>
  <system-err><![CDATA[]]></system-err>
</testsuite>
